[INFO] [2021-01-30 09:43:47][cn.zcbigdata.mybits_demo.controller.StudentController]userName：123123-----password：888888
[INFO] [2021-01-30 09:44:00][cn.zcbigdata.mybits_demo.controller.StudentController]userName：123123-----password：888888
[INFO] [2021-01-30 09:44:40][cn.zcbigdata.mybits_demo.controller.StudentController]userName：123123-----password：888888
[INFO] [2021-01-30 10:08:19][cn.zcbigdata.mybits_demo.controller.StudentController]userName：123123-----password：888888
[INFO] [2021-01-30 10:08:23][cn.zcbigdata.mybits_demo.controller.StudentController]userName：123123-----password：888888
[INFO] [2021-01-30 10:11:28][cn.zcbigdata.mybits_demo.controller.StudentController]userName：123123-----password：888888
[INFO] [2021-01-30 10:12:52][cn.zcbigdata.mybits_demo.controller.StudentController]userName：123123-----password：888888
[INFO] [2021-01-30 10:38:19][cn.zcbigdata.mybits_demo.controller.TeacherController]userName：t2-----password：888888
[INFO] [2021-01-30 10:45:15][cn.zcbigdata.mybits_demo.controller.StudentController]userName：123123-----password：888888
[INFO] [2021-01-30 10:46:35][cn.zcbigdata.mybits_demo.controller.StudentController]userName：123123-----password：888888
[INFO] [2021-01-30 10:47:01][cn.zcbigdata.mybits_demo.controller.StudentController]userName：123123-----password：888888
[INFO] [2021-01-30 10:47:50][cn.zcbigdata.mybits_demo.controller.StudentController]userName：123123-----password：888888
[INFO] [2021-01-30 10:48:25][cn.zcbigdata.mybits_demo.controller.StudentController]userName：123123-----password：888888
[INFO] [2021-01-30 10:50:42][cn.zcbigdata.mybits_demo.controller.StudentController]userName：123123-----password：888888
[INFO] [2021-01-30 10:52:03][cn.zcbigdata.mybits_demo.controller.StudentController]userName：123123-----password：888888
[INFO] [2021-01-30 10:52:53][cn.zcbigdata.mybits_demo.controller.StudentController]userName：123123-----password：888888
[INFO] [2021-01-30 10:52:59][cn.zcbigdata.mybits_demo.controller.StudentController]userName：123123-----password：888888
[INFO] [2021-01-30 10:54:19][cn.zcbigdata.mybits_demo.controller.StudentController]userName：123123-----password：888888
[INFO] [2021-01-30 10:54:53][cn.zcbigdata.mybits_demo.controller.StudentController]userName：987-----password：888888
[INFO] [2021-01-30 11:10:09][cn.zcbigdata.mybits_demo.controller.StudentController]userName：123123-----password：888888
[INFO] [2021-01-30 11:10:27][cn.zcbigdata.mybits_demo.controller.StudentController]userName：987-----password：888888
[INFO] [2021-01-30 11:10:56][cn.zcbigdata.mybits_demo.controller.StudentController]userName：400010-----password：888888
[INFO] [2021-01-30 11:11:40][cn.zcbigdata.mybits_demo.controller.StudentController]userName：400009-----password：888888
[INFO] [2021-01-30 11:12:02][cn.zcbigdata.mybits_demo.controller.TeacherController]userName：t2-----password：888888
[INFO] [2021-01-30 11:15:04][cn.zcbigdata.mybits_demo.controller.StudentController]userName：123123-----password：888888
[INFO] [2021-01-30 11:15:23][cn.zcbigdata.mybits_demo.controller.StudentController]userName：400008-----password：888888
[INFO] [2021-01-30 11:16:43][cn.zcbigdata.mybits_demo.controller.StudentController]userName：123123-----password：888888
[INFO] [2021-01-30 11:17:05][cn.zcbigdata.mybits_demo.controller.StudentController]userName：123123-----password：888888
[INFO] [2021-01-30 11:17:28][cn.zcbigdata.mybits_demo.controller.StudentController]userName：123123-----password：888888
[INFO] [2021-01-30 11:43:38][cn.zcbigdata.mybits_demo.controller.AdminController]userName：admin-----password：admin
[INFO] [2021-01-30 11:43:59][cn.zcbigdata.mybits_demo.controller.TeacherController]userName：zzy-----nickName：zzy
[INFO] [2021-01-30 11:44:02][cn.zcbigdata.mybits_demo.controller.TeacherController]teacherid：9-----userName：zzy1-----password：888888-----nickName：zzy
[INFO] [2021-01-30 11:44:05][cn.zcbigdata.mybits_demo.controller.TeacherController]teacherid：9-----userName：zzy-----password：888888-----nickName：zzy
[INFO] [2021-01-30 11:44:17][cn.zcbigdata.mybits_demo.controller.TeacherController]userName：t2-----nickName：t2
[INFO] [2021-01-30 11:44:48][cn.zcbigdata.mybits_demo.controller.TeacherController]userName：t2-----password：888888
[INFO] [2021-01-30 11:46:41][cn.zcbigdata.mybits_demo.controller.TitleController]上传的文件是：批量添加毕设题目xml.xml
[INFO] [2021-01-30 11:46:41][cn.zcbigdata.mybits_demo.service.Impl.IStudentServiceImpl]文件重命名为：df89d069eebe4ab584c10dc59019a84d.xml
[INFO] [2021-01-30 11:46:41][cn.zcbigdata.mybits_demo.service.Impl.IStudentServiceImpl]操作成功
[INFO] [2021-01-30 11:46:41][cn.zcbigdata.mybits_demo.controller.TitleController]操作成功
[INFO] [2021-01-30 11:47:39][cn.zcbigdata.mybits_demo.controller.StudentController]userName：zzy-----password：888888
[INFO] [2021-01-30 11:48:12][cn.zcbigdata.mybits_demo.controller.TeacherController]userName：t2-----password：888888
[INFO] [2021-01-30 11:48:40][cn.zcbigdata.mybits_demo.controller.StudentController]userName：zzy-----password：123123
[INFO] [2021-01-30 11:49:03][cn.zcbigdata.mybits_demo.controller.TeacherController]userName：t2-----password：888888
[INFO] [2021-01-30 11:49:25][cn.zcbigdata.mybits_demo.controller.StudentController]userName：zzy-----password：123123
[INFO] [2021-01-30 11:49:51][cn.zcbigdata.mybits_demo.controller.TeacherController]userName：t2-----password：888888
[INFO] [2021-01-30 11:50:13][cn.zcbigdata.mybits_demo.controller.StudentController]userName：zzy-----password：123123
[INFO] [2021-01-30 11:50:41][cn.zcbigdata.mybits_demo.controller.TeacherController]userName：t2-----password：888888
[INFO] [2021-01-30 11:50:56][cn.zcbigdata.mybits_demo.controller.StudentController]userName：zzy-----password：123123
[INFO] [2021-01-30 11:51:26][cn.zcbigdata.mybits_demo.controller.TeacherController]userName：t2-----password：888888
[INFO] [2021-01-30 11:51:51][cn.zcbigdata.mybits_demo.controller.StudentController]userName：zzy-----password：123123
[INFO] [2021-01-30 11:52:28][cn.zcbigdata.mybits_demo.controller.TeacherController]userName：t2-----password：888888
[INFO] [2021-01-30 11:52:45][cn.zcbigdata.mybits_demo.controller.StudentController]userName：zzy-----password：123123
[INFO] [2021-01-30 11:53:12][cn.zcbigdata.mybits_demo.controller.TeacherController]userName：t2-----password：888888
[INFO] [2021-01-30 11:53:38][cn.zcbigdata.mybits_demo.controller.StudentController]userName：zzy-----password：123123
[INFO] [2021-01-30 11:54:05][cn.zcbigdata.mybits_demo.controller.TeacherController]userName：t2-----password：888888
[INFO] [2021-01-30 11:54:22][cn.zcbigdata.mybits_demo.controller.StudentController]userName：zzy-----password：123123
[INFO] [2021-01-30 12:06:52][cn.zcbigdata.mybits_demo.controller.StudentController]userName：zzy-----password：123123
[INFO] [2021-04-11 16:36:55][cn.zcbigdata.mybits_demo.controller.AdminController]userName：null-----password：null
[INFO] [2021-04-11 16:37:14][cn.zcbigdata.mybits_demo.controller.AdminController]userName：admin-----password：123456
[INFO] [2021-04-11 16:37:20][cn.zcbigdata.mybits_demo.controller.AdminController]userName：admin-----password：admin
[INFO] [2021-04-11 16:37:27][cn.zcbigdata.mybits_demo.controller.StudentController]userName：zzy-----password：123456
[INFO] [2021-04-11 16:37:34][cn.zcbigdata.mybits_demo.controller.StudentController]userName：zzy-----password：123123
[INFO] [2021-04-11 16:37:48][cn.zcbigdata.mybits_demo.controller.TeacherController]userName：t2-----password：888888
[INFO] [2021-04-11 16:38:33][cn.zcbigdata.mybits_demo.controller.TeacherController]userName：admin-----password：123456
[INFO] [2021-04-11 16:38:34][cn.zcbigdata.mybits_demo.controller.AdminController]userName：admin-----password：123456
[INFO] [2021-04-11 16:39:30][cn.zcbigdata.mybits_demo.controller.TeacherController]userName：admin-----password：123456
[INFO] [2021-04-11 16:39:31][cn.zcbigdata.mybits_demo.controller.StudentController]userName：admin-----password：123456
[INFO] [2021-04-11 16:39:44][cn.zcbigdata.mybits_demo.controller.AdminController]userName：admin-----password：admin
[INFO] [2021-04-11 16:39:48][cn.zcbigdata.mybits_demo.controller.TeacherController]userName：123-----nickName：123
[INFO] [2021-04-11 16:47:05][cn.zcbigdata.mybits_demo.controller.StudentController]userName：zzy-----password：123123
[INFO] [2021-04-13 14:34:03][cn.zcbigdata.mybits_demo.controller.AdminController]userName：zzy-----password：123123
[INFO] [2021-04-13 14:34:04][cn.zcbigdata.mybits_demo.controller.StudentController]userName：zzy-----password：123123
[INFO] [2021-04-13 14:34:17][cn.zcbigdata.mybits_demo.controller.AdminController]userName：admin-----password：admin
[INFO] [2021-04-13 14:34:26][cn.zcbigdata.mybits_demo.controller.AdminController]userName：admin-----password：admin
[INFO] [2021-04-13 14:34:48][cn.zcbigdata.mybits_demo.controller.StudentController]userName：t2-----password：888888
[INFO] [2021-04-13 14:34:50][cn.zcbigdata.mybits_demo.controller.TeacherController]userName：t2-----password：888888
[INFO] [2021-04-13 14:39:46][cn.zcbigdata.mybits_demo.controller.StudentController]userName：zzy-----password：123123
[INFO] [2021-04-13 14:42:10][cn.zcbigdata.mybits_demo.controller.TeacherController]userName：tea-----password：123456
[INFO] [2021-04-13 14:43:01][cn.zcbigdata.mybits_demo.controller.TeacherController]userName：tea-----password：123456
[INFO] [2021-04-13 14:44:06][cn.zcbigdata.mybits_demo.controller.StudentController]userName：stu-----password：123456
[INFO] [2021-04-13 14:44:24][cn.zcbigdata.mybits_demo.controller.StudentController]userName：stu-----password：123456
[INFO] [2021-04-13 14:44:38][cn.zcbigdata.mybits_demo.controller.StudentController]userName：stu-----password：123456
[INFO] [2021-04-13 14:44:43][cn.zcbigdata.mybits_demo.controller.StudentController]userName：tea-----password：123456
[INFO] [2021-04-13 14:44:45][cn.zcbigdata.mybits_demo.controller.TeacherController]userName：tea-----password：123456
[INFO] [2021-04-13 14:45:51][cn.zcbigdata.mybits_demo.controller.AdminController]userName：admin-----password：admin
[INFO] [2021-04-13 14:47:12][cn.zcbigdata.mybits_demo.controller.TeacherController]userName：tea-----password：123456
[INFO] [2021-04-13 14:48:45][cn.zcbigdata.mybits_demo.controller.AdminController]userName：admin-----password：admin
[INFO] [2021-04-17 14:49:45][cn.zcbigdata.mybits_demo.controller.StudentController]userName：admin-----password：admin
[INFO] [2021-04-17 14:49:46][cn.zcbigdata.mybits_demo.controller.AdminController]userName：admin-----password：admin
[INFO] [2021-04-17 14:50:12][cn.zcbigdata.mybits_demo.controller.TeacherController]userName：1-----nickName：1
[INFO] [2021-04-17 15:28:57][cn.zcbigdata.mybits_demo.controller.StudentController]userName：stu-----password：123456
[INFO] [2021-04-17 15:29:16][cn.zcbigdata.mybits_demo.controller.TeacherController]userName：tea-----password：123456
[INFO] [2021-04-17 15:29:36][cn.zcbigdata.mybits_demo.controller.AdminController]userName：admin-----password：admin
[INFO] [2021-04-20 15:00:19][cn.zcbigdata.mybits_demo.controller.AdminController]userName：admin-----password：123456
[INFO] [2021-04-20 15:00:25][cn.zcbigdata.mybits_demo.controller.AdminController]userName：admin-----password：admin
[INFO] [2021-04-20 15:00:30][cn.zcbigdata.mybits_demo.controller.TeacherController]userName：！-----nickName：123
[INFO] [2021-04-20 15:02:04][cn.zcbigdata.mybits_demo.controller.AdminController]userName：admin-----password：admin
[INFO] [2021-04-20 15:02:23][cn.zcbigdata.mybits_demo.controller.TeacherController]userName：123-----nickName：……
[INFO] [2021-04-20 15:03:48][cn.zcbigdata.mybits_demo.controller.AdminController]userName：admin-----password：123456
[INFO] [2021-04-20 15:03:50][cn.zcbigdata.mybits_demo.controller.AdminController]userName：admin-----password：123456
[INFO] [2021-04-20 15:03:55][cn.zcbigdata.mybits_demo.controller.AdminController]userName：admin-----password：admin
[INFO] [2021-04-20 15:04:27][cn.zcbigdata.mybits_demo.controller.TeacherController]userName：（-----nickName：213
[INFO] [2021-04-20 15:04:37][cn.zcbigdata.mybits_demo.controller.TeacherController]userName：）-----nickName：123
[INFO] [2021-04-20 15:05:13][cn.zcbigdata.mybits_demo.controller.AdminController]userName：admin-----password：admin
[INFO] [2021-04-20 15:05:25][cn.zcbigdata.mybits_demo.controller.TeacherController]userName：——-----nickName：123
[INFO] [2021-04-20 15:06:11][cn.zcbigdata.mybits_demo.controller.AdminController]userName：admin-----password：admin
[INFO] [2021-04-20 15:07:05][cn.zcbigdata.mybits_demo.controller.AdminController]userName：admin-----password：admin
[INFO] [2021-04-20 15:07:47][cn.zcbigdata.mybits_demo.controller.TeacherController]userName：？-----nickName：12
[INFO] [2021-04-20 15:11:14][cn.zcbigdata.mybits_demo.controller.AdminController]userName：admin-----password：admin
[INFO] [2021-04-20 15:11:54][cn.zcbigdata.mybits_demo.controller.TeacherController]userName：admin-----password：123456
[INFO] [2021-04-20 15:11:57][cn.zcbigdata.mybits_demo.controller.TeacherController]userName：tea-----password：123456
[INFO] [2021-04-20 15:14:13][cn.zcbigdata.mybits_demo.controller.TeacherController]userName：tea-----password：123456
[INFO] [2021-04-20 15:38:21][cn.zcbigdata.mybits_demo.controller.TeacherController]userName：tea-----password：888888
[INFO] [2021-04-20 15:38:26][cn.zcbigdata.mybits_demo.controller.TeacherController]userName：tea-----password：21218cca77804d2ba1922c33e0151105
[INFO] [2021-04-20 15:40:01][cn.zcbigdata.mybits_demo.controller.TeacherController]userName：tea-----password：123123
[INFO] [2021-04-20 15:40:05][cn.zcbigdata.mybits_demo.controller.TeacherController]userName：tea-----password：123123
[INFO] [2021-04-20 15:41:43][cn.zcbigdata.mybits_demo.controller.TeacherController]userName：tea-----password：123456
[INFO] [2021-04-20 15:41:52][cn.zcbigdata.mybits_demo.controller.AdminController]userName：admin-----password：admin
[INFO] [2021-04-20 15:42:02][cn.zcbigdata.mybits_demo.controller.TeacherController]teacherid：11-----userName：tea-----password：11233333-----nickName：tea
[INFO] [2021-04-20 15:42:08][cn.zcbigdata.mybits_demo.controller.TeacherController]teacherid：11-----userName：tea-----password：123456-----nickName：tea
[INFO] [2021-04-20 15:42:27][cn.zcbigdata.mybits_demo.controller.TeacherController]userName：1111-----nickName：1233
[INFO] [2021-04-20 15:44:44][cn.zcbigdata.mybits_demo.controller.TeacherController]teacherid：14-----userName：1-----password：8888881-----nickName：1
[INFO] [2021-04-20 15:44:53][cn.zcbigdata.mybits_demo.controller.TeacherController]userName：1-----password：8888881
[INFO] [2021-04-20 15:45:55][cn.zcbigdata.mybits_demo.controller.TeacherController]userName：tea-----password：123456
[INFO] [2021-04-20 15:46:09][cn.zcbigdata.mybits_demo.controller.AdminController]userName：admin-----password：123456
[INFO] [2021-04-20 15:46:17][cn.zcbigdata.mybits_demo.controller.AdminController]userName：admin-----password：1123456
[INFO] [2021-04-20 15:46:20][cn.zcbigdata.mybits_demo.controller.AdminController]userName：admin-----password：admin
[INFO] [2021-04-20 15:48:52][cn.zcbigdata.mybits_demo.controller.StudentController]userName：admin-----password：admin
[INFO] [2021-04-20 15:48:54][cn.zcbigdata.mybits_demo.controller.AdminController]userName：admin-----password：admin
[INFO] [2021-04-20 15:49:01][cn.zcbigdata.mybits_demo.controller.TeacherController]userName：123-----nickName：123
[INFO] [2021-04-20 15:49:10][cn.zcbigdata.mybits_demo.controller.TeacherController]userName：123-----password：123456
[INFO] [2021-04-20 15:49:30][cn.zcbigdata.mybits_demo.controller.TeacherController]userName：tea-----password：123456
[INFO] [2021-04-20 15:50:01][cn.zcbigdata.mybits_demo.controller.StudentController]userName：stu-----password：123456
[INFO] [2021-04-20 15:55:41][cn.zcbigdata.mybits_demo.controller.AdminController]userName：admin-----password：123456
[INFO] [2021-04-27 14:34:42][cn.zcbigdata.mybits_demo.controller.AdminController]userName：admin-----password：123456
[INFO] [2021-04-27 15:11:44][cn.zcbigdata.mybits_demo.controller.AdminController]userName：admin-----password：123456
[INFO] [2021-04-27 15:20:15][cn.zcbigdata.mybits_demo.controller.TeacherController]userName：tea3-----password：123456
[INFO] [2021-04-27 15:21:48][cn.zcbigdata.mybits_demo.controller.AdminController]userName：admin-----password：123456
[INFO] [2021-04-27 15:22:23][cn.zcbigdata.mybits_demo.controller.TeacherController]userName：tea-----password：123456
[INFO] [2021-04-27 15:22:26][cn.zcbigdata.mybits_demo.controller.TeacherController]userName：tea-----password：123456
[INFO] [2021-04-27 15:22:27][cn.zcbigdata.mybits_demo.controller.TeacherController]userName：tea-----password：123456
[INFO] [2021-04-27 15:22:29][cn.zcbigdata.mybits_demo.controller.TeacherController]userName：tea1-----password：123456
[INFO] [2021-04-27 15:26:06][cn.zcbigdata.mybits_demo.controller.TeacherController]userName：tea1-----password：123456
[INFO] [2021-04-27 15:26:16][cn.zcbigdata.mybits_demo.controller.TeacherController]userName：tea2-----password：123456
[INFO] [2021-04-27 15:26:45][cn.zcbigdata.mybits_demo.controller.TeacherController]userName：tea2-----password：123456
[INFO] [2021-04-27 15:27:31][cn.zcbigdata.mybits_demo.controller.TeacherController]userName：tea2-----password：123456
[INFO] [2021-04-27 15:27:51][cn.zcbigdata.mybits_demo.controller.StudentController]userName：stu2-----password：123456
[INFO] [2021-04-27 15:28:25][cn.zcbigdata.mybits_demo.controller.TeacherController]userName：tea3-----password：123456
[INFO] [2021-04-27 15:31:12][cn.zcbigdata.mybits_demo.controller.StudentController]userName：stu2-----password：123456
[INFO] [2021-04-27 15:31:19][cn.zcbigdata.mybits_demo.controller.TeacherController]userName：tea2-----password：123456
[INFO] [2021-04-27 15:31:35][cn.zcbigdata.mybits_demo.controller.TeacherController]userName：tea2-----password：123456
[INFO] [2021-04-27 15:33:57][cn.zcbigdata.mybits_demo.controller.StudentController]userName：stu2-----password：123456
[INFO] [2021-04-27 15:35:53][cn.zcbigdata.mybits_demo.controller.TeacherController]userName：tea2-----password：123456
[INFO] [2021-04-27 15:36:04][cn.zcbigdata.mybits_demo.controller.TeacherController]userName：tea2-----password：123456
[INFO] [2021-04-27 15:38:28][cn.zcbigdata.mybits_demo.controller.TeacherController]userName：tea2-----password：123456
[INFO] [2021-04-27 15:40:11][cn.zcbigdata.mybits_demo.controller.StudentController]userName：stu2-----password：123456
[INFO] [2021-04-27 15:45:38][cn.zcbigdata.mybits_demo.controller.StudentController]userName：stu2-----password：123456
[INFO] [2021-04-27 15:46:22][cn.zcbigdata.mybits_demo.controller.StudentController]userName：stu1-----password：123456
[INFO] [2021-04-27 15:46:24][cn.zcbigdata.mybits_demo.controller.StudentController]userName：stu-----password：123456
[INFO] [2021-04-27 15:46:28][cn.zcbigdata.mybits_demo.controller.StudentController]userName：stu-----password：123456
[INFO] [2021-04-27 15:46:33][cn.zcbigdata.mybits_demo.controller.StudentController]userName：stu-----password：8888881
[INFO] [2021-04-27 15:46:35][cn.zcbigdata.mybits_demo.controller.StudentController]userName：stu-----password：888888
[INFO] [2021-04-27 15:46:55][cn.zcbigdata.mybits_demo.controller.StudentController]userName：stu-----password：123456
[INFO] [2021-04-27 15:47:12][cn.zcbigdata.mybits_demo.controller.TeacherController]userName：tea2-----password：123456
[INFO] [2021-04-27 15:47:22][cn.zcbigdata.mybits_demo.controller.StudentController]userName：stu-----password：123456
[INFO] [2021-04-27 15:47:55][cn.zcbigdata.mybits_demo.controller.StudentController]userName：stu-----password：123456
[INFO] [2021-04-27 15:48:45][cn.zcbigdata.mybits_demo.controller.AdminController]userName：admin-----password：123456
[INFO] [2021-04-27 15:49:55][cn.zcbigdata.mybits_demo.controller.TeacherController]userName：tea-----password：123456
[INFO] [2021-04-27 15:49:58][cn.zcbigdata.mybits_demo.controller.TeacherController]userName：tea-----password：123456
[INFO] [2021-04-27 15:49:59][cn.zcbigdata.mybits_demo.controller.TeacherController]userName：tea1-----password：123456
[INFO] [2021-04-27 15:54:29][cn.zcbigdata.mybits_demo.controller.StudentController]上传的文件是：工作簿1.xml
[INFO] [2021-04-27 15:54:29][cn.zcbigdata.mybits_demo.service.Impl.IStudentServiceImpl]路径D:\uploadFile\不存在，即将创建
[INFO] [2021-04-27 15:54:29][cn.zcbigdata.mybits_demo.service.Impl.IStudentServiceImpl]路径创建成功！
[INFO] [2021-04-27 15:54:29][cn.zcbigdata.mybits_demo.service.Impl.IStudentServiceImpl]文件重命名为：1f22a8eaf27645bcb83cc50100c6805b.xml
[INFO] [2021-04-27 15:54:29][cn.zcbigdata.mybits_demo.service.Impl.IStudentServiceImpl]解析xml出现问题，请检查xml文件格式
[ERROR] [2021-04-27 15:54:29][cn.zcbigdata.mybits_demo.service.Impl.IStudentServiceImpl]java.lang.NullPointerException
[INFO] [2021-04-27 15:54:29][cn.zcbigdata.mybits_demo.controller.StudentController]解析xml出现问题，请检查xml文件格式
[INFO] [2021-04-27 15:55:23][cn.zcbigdata.mybits_demo.controller.StudentController]上传的文件是：工作簿1.xml
[INFO] [2021-04-27 15:55:23][cn.zcbigdata.mybits_demo.service.Impl.IStudentServiceImpl]文件重命名为：3d689f17706842a99908c2b9dea55b65.xml
[INFO] [2021-04-27 15:55:23][cn.zcbigdata.mybits_demo.service.Impl.IStudentServiceImpl]解析xml出现问题，请检查xml文件格式
[ERROR] [2021-04-27 15:55:23][cn.zcbigdata.mybits_demo.service.Impl.IStudentServiceImpl]java.lang.NullPointerException
[INFO] [2021-04-27 15:55:23][cn.zcbigdata.mybits_demo.controller.StudentController]解析xml出现问题，请检查xml文件格式
[INFO] [2021-05-04 14:35:37][cn.zcbigdata.mybits_demo.controller.StudentController]userName：stu-----password：123456
[INFO] [2021-05-04 14:35:42][cn.zcbigdata.mybits_demo.controller.StudentController]userName：stu-----password：123456
[INFO] [2021-05-04 14:37:03][cn.zcbigdata.mybits_demo.controller.StudentController]userName：stu-----password：123456
[INFO] [2021-05-04 14:37:51][cn.zcbigdata.mybits_demo.controller.AdminController]userName：admin-----password：admin
[INFO] [2021-05-04 14:37:55][cn.zcbigdata.mybits_demo.controller.AdminController]userName：admin-----password：123456
[INFO] [2021-05-04 14:39:23][cn.zcbigdata.mybits_demo.controller.TeacherController]teacherid：11-----userName：tea1-----password：e10adc3949ba59abbe56e057f20f883e-----nickName：tea
[INFO] [2021-05-11 12:16:31][cn.zcbigdata.mybits_demo.controller.AdminController]userName：admin-----password：123456
[INFO] [2021-05-11 12:17:22][cn.zcbigdata.mybits_demo.controller.AdminController]userName：admin-----password：123456
[INFO] [2021-05-11 12:22:22][cn.zcbigdata.mybits_demo.controller.AdminController]userName：admin-----password：123456
[INFO] [2021-05-11 12:22:38][cn.zcbigdata.mybits_demo.controller.TeacherController]userName：6666-----nickName：7777
[INFO] [2021-05-11 12:23:12][cn.zcbigdata.mybits_demo.controller.AdminController]userName：admin-----password：123456
[INFO] [2021-05-11 12:23:22][cn.zcbigdata.mybits_demo.controller.TeacherController]userName：123213123123-----nickName：1231233333333
[INFO] [2021-05-11 12:27:03][cn.zcbigdata.mybits_demo.controller.AdminController]userName：admin-----password：123456
[INFO] [2021-05-11 12:27:32][cn.zcbigdata.mybits_demo.controller.AdminController]userName：admin-----password：123456
[INFO] [2021-05-11 12:28:09][cn.zcbigdata.mybits_demo.controller.AdminController]userName：admin-----password：123456
[INFO] [2021-05-11 12:31:38][cn.zcbigdata.mybits_demo.controller.AdminController]userName：admin-----password：123456
[INFO] [2021-05-11 12:32:11][cn.zcbigdata.mybits_demo.controller.AdminController]userName：admin-----password：123456
[INFO] [2021-05-11 12:32:55][cn.zcbigdata.mybits_demo.controller.AdminController]userName：admin-----password：123456
[INFO] [2021-05-11 12:36:27][cn.zcbigdata.mybits_demo.controller.AdminController]userName：admin-----password：123456
[INFO] [2021-05-11 12:37:17][cn.zcbigdata.mybits_demo.controller.AdminController]userName：admin-----password：123456
[INFO] [2021-05-11 12:46:10][cn.zcbigdata.mybits_demo.controller.AdminController]userName：admin-----password：123456
[INFO] [2021-05-11 12:46:59][cn.zcbigdata.mybits_demo.controller.AdminController]userName：admin-----password：123456
[INFO] [2021-05-11 12:47:32][cn.zcbigdata.mybits_demo.controller.AdminController]userName：admin-----password：123456
[INFO] [2021-05-11 12:47:32][cn.zcbigdata.mybits_demo.controller.AdminController]userName：admin-----password：123456
[INFO] [2021-05-11 12:47:59][cn.zcbigdata.mybits_demo.controller.AdminController]userName：admin-----password：123456
[INFO] [2021-05-11 12:49:03][cn.zcbigdata.mybits_demo.controller.AdminController]userName：admin-----password：123456
[INFO] [2021-05-11 12:49:45][cn.zcbigdata.mybits_demo.controller.AdminController]userName：admin-----password：123456
[INFO] [2021-05-11 12:50:54][cn.zcbigdata.mybits_demo.controller.AdminController]userName：admin-----password：123456
[INFO] [2021-05-11 12:51:37][cn.zcbigdata.mybits_demo.controller.AdminController]userName：admin-----password：123456
[INFO] [2021-05-11 12:52:16][cn.zcbigdata.mybits_demo.controller.AdminController]userName：admin-----password：123456
[INFO] [2021-05-11 12:52:41][cn.zcbigdata.mybits_demo.controller.AdminController]userName：admin-----password：123456
[INFO] [2021-05-11 12:53:03][cn.zcbigdata.mybits_demo.controller.AdminController]userName：admin-----password：123456
[INFO] [2021-05-11 12:53:31][cn.zcbigdata.mybits_demo.controller.AdminController]userName：admin-----password：123456
[INFO] [2021-05-11 12:54:44][cn.zcbigdata.mybits_demo.controller.AdminController]userName：admin-----password：123456
[INFO] [2021-05-11 12:54:44][cn.zcbigdata.mybits_demo.controller.AdminController]userName：admin-----password：123456
[INFO] [2021-05-11 12:55:09][cn.zcbigdata.mybits_demo.controller.AdminController]userName：admin-----password：123456
[INFO] [2021-05-11 12:55:35][cn.zcbigdata.mybits_demo.controller.AdminController]userName：admin-----password：123456
[INFO] [2021-05-11 12:56:12][cn.zcbigdata.mybits_demo.controller.AdminController]userName：admin-----password：123456
[INFO] [2021-05-11 12:56:38][cn.zcbigdata.mybits_demo.controller.AdminController]userName：admin-----password：123456
[INFO] [2021-05-11 12:57:11][cn.zcbigdata.mybits_demo.controller.AdminController]userName：admin-----password：123456
[INFO] [2021-05-11 12:57:39][cn.zcbigdata.mybits_demo.controller.AdminController]userName：admin-----password：123456
[INFO] [2021-05-11 12:58:14][cn.zcbigdata.mybits_demo.controller.AdminController]userName：admin-----password：123456
[INFO] [2021-05-11 12:58:42][cn.zcbigdata.mybits_demo.controller.AdminController]userName：admin-----password：123456
[INFO] [2021-05-11 12:59:12][cn.zcbigdata.mybits_demo.controller.AdminController]userName：admin-----password：123456
[INFO] [2021-05-11 13:00:01][cn.zcbigdata.mybits_demo.controller.AdminController]userName：admin-----password：123456
[INFO] [2021-05-11 13:00:58][cn.zcbigdata.mybits_demo.controller.AdminController]userName：admin-----password：123456
[INFO] [2021-05-11 13:03:46][cn.zcbigdata.mybits_demo.controller.AdminController]userName：admin-----password：123456
[INFO] [2021-05-11 13:03:53][cn.zcbigdata.mybits_demo.controller.TeacherController]userName：123-----nickName：123
[INFO] [2021-05-11 13:04:22][cn.zcbigdata.mybits_demo.controller.AdminController]userName：admin-----password：123456
[INFO] [2021-05-11 13:04:48][cn.zcbigdata.mybits_demo.controller.TeacherController]userName：123-----nickName：123
[INFO] [2021-05-11 13:06:34][cn.zcbigdata.mybits_demo.controller.AdminController]userName：admin-----password：123456
[INFO] [2021-05-11 13:10:54][cn.zcbigdata.mybits_demo.controller.AdminController]userName：admin-----password：123456
[INFO] [2021-05-11 13:11:16][cn.zcbigdata.mybits_demo.controller.AdminController]userName：admin-----password：123456
[INFO] [2021-05-11 13:11:45][cn.zcbigdata.mybits_demo.controller.AdminController]userName：admin-----password：123456
[INFO] [2021-05-11 13:12:18][cn.zcbigdata.mybits_demo.controller.AdminController]userName：admin-----password：123456
[INFO] [2021-05-11 13:12:44][cn.zcbigdata.mybits_demo.controller.AdminController]userName：admin-----password：123456
[INFO] [2021-05-11 13:12:56][cn.zcbigdata.mybits_demo.controller.AdminController]userName：admin-----password：123456
[INFO] [2021-05-11 13:15:51][cn.zcbigdata.mybits_demo.controller.AdminController]userName：admin-----password：123456
[INFO] [2021-05-11 13:17:43][cn.zcbigdata.mybits_demo.controller.AdminController]userName：admin-----password：123456
[INFO] [2021-05-11 13:19:00][cn.zcbigdata.mybits_demo.controller.AdminController]userName：admin-----password：123456
[INFO] [2021-05-11 13:23:57][cn.zcbigdata.mybits_demo.controller.AdminController]userName：admin-----password：123456
[INFO] [2021-05-11 13:26:54][cn.zcbigdata.mybits_demo.controller.AdminController]userName：admin-----password：123456
[INFO] [2021-05-11 13:27:43][cn.zcbigdata.mybits_demo.controller.AdminController]userName：admin-----password：123456
[INFO] [2021-05-11 14:21:06][cn.zcbigdata.mybits_demo.controller.AdminController]userName：admin-----password：123456
[INFO] [2021-05-11 14:41:12][cn.zcbigdata.mybits_demo.controller.AdminController]userName：admin-----password：123456
[INFO] [2021-05-11 14:41:22][cn.zcbigdata.mybits_demo.controller.TeacherController]userName：123-----nickName：123
[INFO] [2021-05-11 15:10:34][cn.zcbigdata.mybits_demo.controller.AdminController]userName：admin-----password：123456
[INFO] [2021-05-11 15:11:51][cn.zcbigdata.mybits_demo.controller.AdminController]userName：admin-----password：123456
[INFO] [2021-05-11 15:11:51][cn.zcbigdata.mybits_demo.controller.AdminController]userName：admin-----password：123456
[INFO] [2021-05-11 15:12:27][cn.zcbigdata.mybits_demo.controller.AdminController]userName：admin-----password：123456
[INFO] [2021-05-11 15:13:11][cn.zcbigdata.mybits_demo.controller.AdminController]userName：admin-----password：123456
[INFO] [2021-05-11 15:14:00][cn.zcbigdata.mybits_demo.controller.AdminController]userName：admin-----password：123456
[INFO] [2021-05-11 15:14:48][cn.zcbigdata.mybits_demo.controller.AdminController]userName：admin-----password：123456
[INFO] [2021-05-11 15:19:59][cn.zcbigdata.mybits_demo.controller.AdminController]userName：admin-----password：123456
[INFO] [2021-05-11 15:21:54][cn.zcbigdata.mybits_demo.controller.AdminController]userName：admin-----password：123456
[INFO] [2021-05-11 15:22:29][cn.zcbigdata.mybits_demo.controller.AdminController]userName：admin-----password：123456
[INFO] [2021-05-11 15:22:59][cn.zcbigdata.mybits_demo.controller.AdminController]userName：admin-----password：123456
[INFO] [2021-05-11 15:23:58][cn.zcbigdata.mybits_demo.controller.AdminController]userName：admin-----password：123456
[INFO] [2021-05-11 15:24:36][cn.zcbigdata.mybits_demo.controller.AdminController]userName：admin-----password：123456
[INFO] [2021-05-11 15:25:30][cn.zcbigdata.mybits_demo.controller.AdminController]userName：admin-----password：123456
[INFO] [2021-05-11 15:26:24][cn.zcbigdata.mybits_demo.controller.AdminController]userName：admin-----password：123456
[INFO] [2021-05-11 15:26:44][cn.zcbigdata.mybits_demo.controller.AdminController]userName：admin-----password：123456
[INFO] [2021-05-11 15:27:02][cn.zcbigdata.mybits_demo.controller.AdminController]userName：admin-----password：123456
[INFO] [2021-05-11 15:27:19][cn.zcbigdata.mybits_demo.controller.AdminController]userName：admin-----password：123456
[INFO] [2021-05-11 15:27:59][cn.zcbigdata.mybits_demo.controller.AdminController]userName：admin-----password：123456
[INFO] [2021-05-11 15:32:05][cn.zcbigdata.mybits_demo.controller.AdminController]userName：admin-----password：123456
[INFO] [2021-05-11 15:38:43][cn.zcbigdata.mybits_demo.controller.StudentController]userName：admin-----password：123456
[INFO] [2021-05-11 15:38:43][cn.zcbigdata.mybits_demo.controller.StudentController]userName：admin-----password：123456
[INFO] [2021-05-11 15:38:44][cn.zcbigdata.mybits_demo.controller.AdminController]userName：admin-----password：123456
[INFO] [2021-05-11 15:39:26][cn.zcbigdata.mybits_demo.controller.AdminController]userName：admin-----password：123456
[INFO] [2021-05-11 15:42:19][cn.zcbigdata.mybits_demo.controller.AdminController]userName：admin-----password：123456
[INFO] [2021-05-11 15:44:01][cn.zcbigdata.mybits_demo.controller.AdminController]userName：admin-----password：123456
[INFO] [2021-05-11 15:44:54][cn.zcbigdata.mybits_demo.controller.AdminController]userName：admin-----password：123456
[INFO] [2021-05-11 15:48:04][cn.zcbigdata.mybits_demo.controller.AdminController]userName：admin-----password：123456
[INFO] [2021-05-11 15:48:38][cn.zcbigdata.mybits_demo.controller.AdminController]userName：admin-----password：123456
[INFO] [2021-05-11 15:51:03][cn.zcbigdata.mybits_demo.controller.AdminController]userName：admin-----password：123456
[INFO] [2021-05-11 15:52:15][cn.zcbigdata.mybits_demo.controller.AdminController]userName：admin-----password：123456
[INFO] [2021-05-11 15:54:47][cn.zcbigdata.mybits_demo.controller.AdminController]userName：admin-----password：123456
[INFO] [2021-06-01 14:47:04][cn.zcbigdata.mybits_demo.controller.AdminController]userName：admin-----password：123456
[INFO] [2021-06-01 14:48:23][cn.zcbigdata.mybits_demo.controller.AdminController]userName：admin-----password：123456
[INFO] [2021-06-01 14:49:04][cn.zcbigdata.mybits_demo.controller.TeacherController]userName：tea-----password：123456
[INFO] [2021-06-01 14:49:09][cn.zcbigdata.mybits_demo.controller.TeacherController]userName：tea-----password：123456
[INFO] [2021-06-01 14:49:12][cn.zcbigdata.mybits_demo.controller.TeacherController]userName：tea1-----password：123456
[INFO] [2021-06-01 14:49:15][cn.zcbigdata.mybits_demo.controller.TeacherController]userName：tea1-----password：888888
[INFO] [2021-06-01 14:49:27][cn.zcbigdata.mybits_demo.controller.AdminController]userName：admin-----password：123456
[INFO] [2021-06-01 14:49:33][cn.zcbigdata.mybits_demo.controller.TeacherController]userName：123-----nickName：123
[INFO] [2021-06-01 14:49:40][cn.zcbigdata.mybits_demo.controller.TeacherController]userName：123-----password：123456
[INFO] [2021-06-01 14:50:09][cn.zcbigdata.mybits_demo.controller.StudentController]userName：tea1-----password：123456
[INFO] [2021-06-01 14:50:10][cn.zcbigdata.mybits_demo.controller.TeacherController]userName：tea1-----password：123456
[INFO] [2021-06-01 14:50:19][cn.zcbigdata.mybits_demo.controller.TeacherController]userName：123-----password：123456
[INFO] [2021-06-01 14:51:12][cn.zcbigdata.mybits_demo.controller.StudentController]userName：stu14-----password：123456
[INFO] [2021-06-01 14:53:03][cn.zcbigdata.mybits_demo.controller.AdminController]userName：admin-----password：123456
[INFO] [2021-06-01 14:55:12][cn.zcbigdata.mybits_demo.controller.TeacherController]userName：tea1-----password：123456
[INFO] [2021-06-01 14:55:15][cn.zcbigdata.mybits_demo.controller.TeacherController]userName：tea1-----password：123123
[INFO] [2021-06-01 14:55:24][cn.zcbigdata.mybits_demo.controller.TeacherController]userName：tea2-----password：123123
[INFO] [2021-06-01 14:55:26][cn.zcbigdata.mybits_demo.controller.TeacherController]userName：tea2-----password：123456
[INFO] [2021-06-01 14:55:50][cn.zcbigdata.mybits_demo.controller.TeacherController]userName：6666-----password：123456
[INFO] [2021-06-01 14:56:27][cn.zcbigdata.mybits_demo.controller.TeacherController]userName：tea1-----password：123456
[INFO] [2021-06-01 14:56:28][cn.zcbigdata.mybits_demo.controller.TeacherController]userName：tea1-----password：123456
[INFO] [2021-06-01 14:56:34][cn.zcbigdata.mybits_demo.controller.TeacherController]userName：tea-----password：123456
[INFO] [2021-06-01 14:56:42][cn.zcbigdata.mybits_demo.controller.TeacherController]userName：tea-----password：123456
[INFO] [2021-06-01 14:56:45][cn.zcbigdata.mybits_demo.controller.TeacherController]userName：tea-----password：123123
[INFO] [2021-06-01 14:56:50][cn.zcbigdata.mybits_demo.controller.TeacherController]userName：tea1-----password：123456
[INFO] [2021-06-01 14:57:08][cn.zcbigdata.mybits_demo.controller.StudentController]userName：stu-----password：123456
[INFO] [2021-06-01 15:00:42][cn.zcbigdata.mybits_demo.controller.TeacherController]userName：123-----password：123456
[INFO] [2021-06-01 15:00:45][cn.zcbigdata.mybits_demo.controller.TeacherController]userName：123-----password：123456
[INFO] [2021-06-01 15:00:56][cn.zcbigdata.mybits_demo.controller.TeacherController]userName：123-----password：123123
[INFO] [2021-06-01 15:00:59][cn.zcbigdata.mybits_demo.controller.TeacherController]userName：123-----password：123456
[INFO] [2021-06-01 15:01:08][cn.zcbigdata.mybits_demo.controller.TeacherController]userName：123-----password：123456
[INFO] [2021-06-01 15:01:13][cn.zcbigdata.mybits_demo.controller.TeacherController]userName：stu-----password：123456
[INFO] [2021-06-01 15:01:19][cn.zcbigdata.mybits_demo.controller.TeacherController]userName：tea1-----password：123456
[INFO] [2021-06-01 15:01:29][cn.zcbigdata.mybits_demo.controller.TeacherController]userName：6666-----password：123456
[INFO] [2021-06-01 15:01:34][cn.zcbigdata.mybits_demo.controller.TeacherController]userName：123-----password：123456
[INFO] [2021-06-01 15:01:35][cn.zcbigdata.mybits_demo.controller.AdminController]userName：123-----password：123456
[INFO] [2021-06-01 15:01:37][cn.zcbigdata.mybits_demo.controller.StudentController]userName：123-----password：123456
[INFO] [2021-06-01 15:02:03][cn.zcbigdata.mybits_demo.controller.AdminController]userName：tea1-----password：123456
[INFO] [2021-06-01 15:02:40][cn.zcbigdata.mybits_demo.controller.TeacherController]userName：tea1-----password：123456
[INFO] [2021-06-01 15:02:55][cn.zcbigdata.mybits_demo.controller.StudentController]userName：stu-----password：123456
[INFO] [2021-06-01 15:03:50][cn.zcbigdata.mybits_demo.controller.AdminController]userName：admin-----password：123456
[INFO] [2021-06-08 14:44:46][cn.zcbigdata.mybits_demo.controller.TeacherController]userName：tea1-----password：123456
[INFO] [2021-06-08 14:48:48][cn.zcbigdata.mybits_demo.controller.StudentController]userName：视图-----password：123456
[INFO] [2021-06-08 14:48:51][cn.zcbigdata.mybits_demo.controller.StudentController]userName：stu1-----password：123456
[INFO] [2021-06-08 14:49:22][cn.zcbigdata.mybits_demo.controller.StudentController]userName：tea1-----password：123456
[INFO] [2021-06-08 14:49:23][cn.zcbigdata.mybits_demo.controller.TeacherController]userName：tea1-----password：123456
[INFO] [2021-06-08 14:49:31][cn.zcbigdata.mybits_demo.controller.StudentController]userName：stu1-----password：123456
[INFO] [2021-06-08 14:55:03][cn.zcbigdata.mybits_demo.controller.TeacherController]userName：tea1-----password：123456
[INFO] [2021-06-08 14:57:29][cn.zcbigdata.mybits_demo.controller.TeacherController]userName：tea1-----password：123456
[INFO] [2021-06-08 15:09:42][cn.zcbigdata.mybits_demo.controller.StudentController]userName：stu1-----password：123456
[INFO] [2021-06-08 15:11:24][cn.zcbigdata.mybits_demo.controller.TeacherController]userName：tea1-----password：123456
[INFO] [2021-06-08 15:14:08][cn.zcbigdata.mybits_demo.controller.AdminController]userName：admin-----password：123456
[INFO] [2021-06-08 15:54:09][cn.zcbigdata.mybits_demo.controller.StudentController]userName：stu1-----password：123456
[INFO] [2021-06-08 15:56:01][cn.zcbigdata.mybits_demo.controller.TeacherController]userName：tea-----password：123456
[INFO] [2021-06-08 15:56:03][cn.zcbigdata.mybits_demo.controller.TeacherController]userName：tea1-----password：123456
[INFO] [2021-06-08 15:57:29][cn.zcbigdata.mybits_demo.controller.AdminController]userName：admin-----password：123456
[INFO] [2021-06-15 13:41:14][cn.zcbigdata.mybits_demo.controller.StudentController]userName：stu-----password：123456
[INFO] [2021-06-15 13:45:33][cn.zcbigdata.mybits_demo.controller.TeacherController]userName：tea-----password：123456
[INFO] [2021-06-15 13:45:34][cn.zcbigdata.mybits_demo.controller.TeacherController]userName：tea1-----password：123456
[INFO] [2021-06-15 13:50:49][cn.zcbigdata.mybits_demo.controller.AdminController]userName：admin-----password：123456
[INFO] [2021-06-15 13:57:56][cn.zcbigdata.mybits_demo.controller.StudentController]userName：stu-----password：123456
[INFO] [2021-06-15 14:03:35][cn.zcbigdata.mybits_demo.controller.TeacherController]userName：tea1-----password：123456
[INFO] [2021-06-15 14:11:26][cn.zcbigdata.mybits_demo.controller.AdminController]userName：admin-----password：123456
[INFO] [2021-07-24 13:51:00][cn.zcbigdata.mybits_demo.controller.StudentController]userName：admin-----password：123456
[INFO] [2021-07-24 13:51:01][cn.zcbigdata.mybits_demo.controller.AdminController]userName：admin-----password：123456
[INFO] [2021-07-24 13:51:10][cn.zcbigdata.mybits_demo.controller.StudentController]userName：stu-----password：123456
[INFO] [2021-11-23 18:59:58][cn.zcbigdata.mybits_demo.controller.AdminController]userName：admin-----password：123456
[INFO] [2021-11-23 19:02:09][cn.zcbigdata.mybits_demo.controller.StudentController]userName：stu2-----password：123456
[INFO] [2023-03-21 18:25:09][cn.zcbigdata.mybits_demo.controller.StudentController]userName：stu2-----password：123456
[INFO] [2023-03-21 18:29:51][cn.zcbigdata.mybits_demo.controller.AdminController]userName：admin-----password：admin
[INFO] [2023-03-21 18:30:42][cn.zcbigdata.mybits_demo.controller.AdminController]userName：admin-----password：123456
[INFO] [2023-03-21 18:30:47][cn.zcbigdata.mybits_demo.controller.AdminController]userName：admin-----password：123456
[INFO] [2023-03-21 18:31:58][cn.zcbigdata.mybits_demo.controller.AdminController]userName：admin-----password：123456
[INFO] [2023-03-21 18:32:49][cn.zcbigdata.mybits_demo.controller.AdminController]userName：admin-----password：123456
[INFO] [2023-03-21 18:50:05][cn.zcbigdata.mybits_demo.controller.StudentController]userName：stu2-----password：123456
[INFO] [2023-03-21 18:52:59][cn.zcbigdata.mybits_demo.controller.TeacherController]userName：tea1-----password：123456
[INFO] [2023-03-21 19:05:46][cn.zcbigdata.mybits_demo.controller.AdminController]userName：admin-----password：123456
[ERROR] [2023-04-14 19:37:26][cn.zcbigdata.mybits_demo.controller.DishesController][Ljava.lang.StackTraceElement;@64f3fcbb
[ERROR] [2023-04-14 19:39:05][cn.zcbigdata.mybits_demo.controller.DishesController][Ljava.lang.StackTraceElement;@64417763
[ERROR] [2023-04-14 19:45:16][cn.zcbigdata.mybits_demo.controller.DishesController][Ljava.lang.StackTraceElement;@37a901f9
[ERROR] [2023-04-14 19:45:50][cn.zcbigdata.mybits_demo.controller.DishesController][Ljava.lang.StackTraceElement;@51744382
[ERROR] [2023-04-14 19:45:52][cn.zcbigdata.mybits_demo.controller.DishesController][Ljava.lang.StackTraceElement;@706bbbfb
[ERROR] [2023-04-14 19:46:02][cn.zcbigdata.mybits_demo.controller.DishesController][Ljava.lang.StackTraceElement;@3835c2a
[ERROR] [2023-04-14 19:54:13][cn.zcbigdata.mybits_demo.controller.DishesController][Ljava.lang.StackTraceElement;@54ef49fe
[ERROR] [2023-04-14 19:55:19][cn.zcbigdata.mybits_demo.controller.DishesController][Ljava.lang.StackTraceElement;@45e6c282
[ERROR] [2023-04-16 14:00:35][cn.zcbigdata.mybits_demo.controller.ClassificationController][Ljava.lang.StackTraceElement;@43358992
[ERROR] [2023-04-16 14:00:35][cn.zcbigdata.mybits_demo.controller.ClassificationController][Ljava.lang.StackTraceElement;@7d39fbf0
[ERROR] [2023-04-16 14:00:41][cn.zcbigdata.mybits_demo.controller.ClassificationController][Ljava.lang.StackTraceElement;@16d9effb
[ERROR] [2023-04-16 14:00:49][cn.zcbigdata.mybits_demo.controller.ClassificationController][Ljava.lang.StackTraceElement;@5f771a8e
